{"uuid":"013dd3d7-afd0-4476-b122-cfb0d32ae516","name":"unitConvertorTest.unitConvertorTest","children":["9cf414a8-5d82-4419-bde8-9b94086c2b3c","e9c4c713-bd3d-459c-8f28-18df9e6eb9d5"],"befores":[{"name":"startSession","status":"broken","statusDetails":{"known":false,"muted":false,"flaky":false,"message":"java.lang.InstantiationException: pageObjects.unitConverter.appiumPage","trace":"java.lang.RuntimeException: java.lang.InstantiationException: pageObjects.unitConverter.appiumPage\r\n\tat org.openqa.selenium.support.PageFactory.instantiatePage(PageFactory.java:134)\r\n\tat org.openqa.selenium.support.PageFactory.initElements(PageFactory.java:64)\r\n\tat Utillties.ManagerPages.makeAppium(ManagerPages.java:37)\r\n\tat Utillties.CommonOps.startSession(CommonOps.java:67)\r\n\tat java.base/jdk.internal.reflect.NativeMethodAccessorImpl.invoke0(Native Method)\r\n\tat java.base/jdk.internal.reflect.NativeMethodAccessorImpl.invoke(NativeMethodAccessorImpl.java:62)\r\n\tat java.base/jdk.internal.reflect.DelegatingMethodAccessorImpl.invoke(DelegatingMethodAccessorImpl.java:43)\r\n\tat java.base/java.lang.reflect.Method.invoke(Method.java:567)\r\n\tat org.testng.internal.MethodInvocationHelper.invokeMethod(MethodInvocationHelper.java:133)\r\n\tat org.testng.internal.MethodInvocationHelper.invokeMethodConsideringTimeout(MethodInvocationHelper.java:62)\r\n\tat org.testng.internal.ConfigInvoker.invokeConfigurationMethod(ConfigInvoker.java:340)\r\n\tat org.testng.internal.ConfigInvoker.invokeConfigurations(ConfigInvoker.java:294)\r\n\tat org.testng.internal.TestMethodWorker.invokeBeforeClassMethods(TestMethodWorker.java:176)\r\n\tat org.testng.internal.TestMethodWorker.run(TestMethodWorker.java:122)\r\n\tat java.base/java.util.ArrayList.forEach(ArrayList.java:1508)\r\n\tat org.testng.TestRunner.privateRun(TestRunner.java:770)\r\n\tat org.testng.TestRunner.run(TestRunner.java:591)\r\n\tat org.testng.SuiteRunner.runTest(SuiteRunner.java:402)\r\n\tat org.testng.SuiteRunner.runSequentially(SuiteRunner.java:396)\r\n\tat org.testng.SuiteRunner.privateRun(SuiteRunner.java:355)\r\n\tat org.testng.SuiteRunner.run(SuiteRunner.java:304)\r\n\tat org.testng.SuiteRunnerWorker.runSuite(SuiteRunnerWorker.java:53)\r\n\tat org.testng.SuiteRunnerWorker.run(SuiteRunnerWorker.java:96)\r\n\tat org.testng.TestNG.runSuitesSequentially(TestNG.java:1180)\r\n\tat org.testng.TestNG.runSuitesLocally(TestNG.java:1102)\r\n\tat org.testng.TestNG.runSuites(TestNG.java:1032)\r\n\tat org.testng.TestNG.run(TestNG.java:1000)\r\n\tat com.intellij.rt.testng.IDEARemoteTestNG.run(IDEARemoteTestNG.java:66)\r\n\tat com.intellij.rt.testng.RemoteTestNGStarter.main(RemoteTestNGStarter.java:109)\r\nCaused by: java.lang.InstantiationException: pageObjects.unitConverter.appiumPage\r\n\tat java.base/java.lang.Class.newInstance(Class.java:585)\r\n\tat org.openqa.selenium.support.PageFactory.instantiatePage(PageFactory.java:131)\r\n\t... 28 more\r\nCaused by: java.lang.NoSuchMethodException: pageObjects.unitConverter.appiumPage.<init>()\r\n\tat java.base/java.lang.Class.getConstructor0(Class.java:3350)\r\n\tat java.base/java.lang.Class.newInstance(Class.java:572)\r\n\t... 29 more\r\n"},"stage":"finished","description":"","steps":[{"name":"appium","status":"broken","statusDetails":{"known":false,"muted":false,"flaky":false,"message":"java.lang.InstantiationException: pageObjects.unitConverter.appiumPage","trace":"java.lang.RuntimeException: java.lang.InstantiationException: pageObjects.unitConverter.appiumPage\r\n\tat org.openqa.selenium.support.PageFactory.instantiatePage(PageFactory.java:134)\r\n\tat org.openqa.selenium.support.PageFactory.initElements(PageFactory.java:64)\r\n\tat Utillties.ManagerPages.makeAppium(ManagerPages.java:37)\r\n\tat Utillties.CommonOps.startSession(CommonOps.java:67)\r\n\tat java.base/jdk.internal.reflect.NativeMethodAccessorImpl.invoke0(Native Method)\r\n\tat java.base/jdk.internal.reflect.NativeMethodAccessorImpl.invoke(NativeMethodAccessorImpl.java:62)\r\n\tat java.base/jdk.internal.reflect.DelegatingMethodAccessorImpl.invoke(DelegatingMethodAccessorImpl.java:43)\r\n\tat java.base/java.lang.reflect.Method.invoke(Method.java:567)\r\n\tat org.testng.internal.MethodInvocationHelper.invokeMethod(MethodInvocationHelper.java:133)\r\n\tat org.testng.internal.MethodInvocationHelper.invokeMethodConsideringTimeout(MethodInvocationHelper.java:62)\r\n\tat org.testng.internal.ConfigInvoker.invokeConfigurationMethod(ConfigInvoker.java:340)\r\n\tat org.testng.internal.ConfigInvoker.invokeConfigurations(ConfigInvoker.java:294)\r\n\tat org.testng.internal.TestMethodWorker.invokeBeforeClassMethods(TestMethodWorker.java:176)\r\n\tat org.testng.internal.TestMethodWorker.run(TestMethodWorker.java:122)\r\n\tat java.base/java.util.ArrayList.forEach(ArrayList.java:1508)\r\n\tat org.testng.TestRunner.privateRun(TestRunner.java:770)\r\n\tat org.testng.TestRunner.run(TestRunner.java:591)\r\n\tat org.testng.SuiteRunner.runTest(SuiteRunner.java:402)\r\n\tat org.testng.SuiteRunner.runSequentially(SuiteRunner.java:396)\r\n\tat org.testng.SuiteRunner.privateRun(SuiteRunner.java:355)\r\n\tat org.testng.SuiteRunner.run(SuiteRunner.java:304)\r\n\tat org.testng.SuiteRunnerWorker.runSuite(SuiteRunnerWorker.java:53)\r\n\tat org.testng.SuiteRunnerWorker.run(SuiteRunnerWorker.java:96)\r\n\tat org.testng.TestNG.runSuitesSequentially(TestNG.java:1180)\r\n\tat org.testng.TestNG.runSuitesLocally(TestNG.java:1102)\r\n\tat org.testng.TestNG.runSuites(TestNG.java:1032)\r\n\tat org.testng.TestNG.run(TestNG.java:1000)\r\n\tat com.intellij.rt.testng.IDEARemoteTestNG.run(IDEARemoteTestNG.java:66)\r\n\tat com.intellij.rt.testng.RemoteTestNGStarter.main(RemoteTestNGStarter.java:109)\r\nCaused by: java.lang.InstantiationException: pageObjects.unitConverter.appiumPage\r\n\tat java.base/java.lang.Class.newInstance(Class.java:585)\r\n\tat org.openqa.selenium.support.PageFactory.instantiatePage(PageFactory.java:131)\r\n\t... 28 more\r\nCaused by: java.lang.NoSuchMethodException: pageObjects.unitConverter.appiumPage.<init>()\r\n\tat java.base/java.lang.Class.getConstructor0(Class.java:3350)\r\n\tat java.base/java.lang.Class.newInstance(Class.java:572)\r\n\t... 29 more\r\n"},"stage":"finished","steps":[],"attachments":[],"parameters":[],"start":1638217535870,"stop":1638217535965}],"attachments":[],"parameters":[],"start":1638217535832,"stop":1638217535966}],"afters":[{"name":"closeSession","status":"broken","stage":"finished","description":"","steps":[],"attachments":[],"parameters":[],"start":1638217536189,"stop":1638217536189}],"start":1638217535777,"stop":1638217536200}