{"uuid":"0ca3b10c-6c44-4449-b055-58981146a4da","historyId":"2ba07fcf38dc7572330d7f51b26e27c4","fullName":"grafanaTests.GrafanaApiTest.test01_addUser","labels":[{"name":"package","value":"grafanaTests.GrafanaApiTest"},{"name":"testClass","value":"grafanaTests.GrafanaApiTest"},{"name":"testMethod","value":"test01_addUser"},{"name":"parentSuite","value":"API suite"},{"name":"suite","value":"Grafana API"},{"name":"subSuite","value":"grafanaTests.GrafanaApiTest"},{"name":"host","value":"DESKTOP-UT7PC9L"},{"name":"thread","value":"6084@DESKTOP-UT7PC9L.main(1)"},{"name":"framework","value":"testng"},{"name":"language","value":"java"}],"links":[],"name":"test01_addUser","status":"failed","statusDetails":{"known":false,"muted":false,"flaky":false,"message":"expected [200] but found [412]","trace":"java.lang.AssertionError: expected [200] but found [412]\r\n\tat org.testng.Assert.fail(Assert.java:97)\r\n\tat org.testng.Assert.assertEqualsImpl(Assert.java:136)\r\n\tat org.testng.Assert.assertEquals(Assert.java:118)\r\n\tat org.testng.Assert.assertEquals(Assert.java:839)\r\n\tat org.testng.Assert.assertEquals(Assert.java:849)\r\n\tat workFlows.ApiFlows.postUser(ApiFlows.java:21)\r\n\tat grafanaTests.GrafanaApiTest.test01_addUser(GrafanaApiTest.java:12)\r\n\tat java.base/jdk.internal.reflect.NativeMethodAccessorImpl.invoke0(Native Method)\r\n\tat java.base/jdk.internal.reflect.NativeMethodAccessorImpl.invoke(NativeMethodAccessorImpl.java:62)\r\n\tat java.base/jdk.internal.reflect.DelegatingMethodAccessorImpl.invoke(DelegatingMethodAccessorImpl.java:43)\r\n\tat java.base/java.lang.reflect.Method.invoke(Method.java:567)\r\n\tat org.testng.internal.MethodInvocationHelper.invokeMethod(MethodInvocationHelper.java:133)\r\n\tat org.testng.internal.TestInvoker.invokeMethod(TestInvoker.java:584)\r\n\tat org.testng.internal.TestInvoker.invokeTestMethod(TestInvoker.java:172)\r\n\tat org.testng.internal.MethodRunner.runInSequence(MethodRunner.java:46)\r\n\tat org.testng.internal.TestInvoker$MethodInvocationAgent.invoke(TestInvoker.java:804)\r\n\tat org.testng.internal.TestInvoker.invokeTestMethods(TestInvoker.java:145)\r\n\tat org.testng.internal.TestMethodWorker.invokeTestMethods(TestMethodWorker.java:146)\r\n\tat org.testng.internal.TestMethodWorker.run(TestMethodWorker.java:128)\r\n\tat java.base/java.util.ArrayList.forEach(ArrayList.java:1508)\r\n\tat org.testng.TestRunner.privateRun(TestRunner.java:770)\r\n\tat org.testng.TestRunner.run(TestRunner.java:591)\r\n\tat org.testng.SuiteRunner.runTest(SuiteRunner.java:402)\r\n\tat org.testng.SuiteRunner.runSequentially(SuiteRunner.java:396)\r\n\tat org.testng.SuiteRunner.privateRun(SuiteRunner.java:355)\r\n\tat org.testng.SuiteRunner.run(SuiteRunner.java:304)\r\n\tat org.testng.SuiteRunnerWorker.runSuite(SuiteRunnerWorker.java:53)\r\n\tat org.testng.SuiteRunnerWorker.run(SuiteRunnerWorker.java:96)\r\n\tat org.testng.TestNG.runSuitesSequentially(TestNG.java:1180)\r\n\tat org.testng.TestNG.runSuitesLocally(TestNG.java:1102)\r\n\tat org.testng.TestNG.runSuites(TestNG.java:1032)\r\n\tat org.testng.TestNG.run(TestNG.java:1000)\r\n\tat com.intellij.rt.testng.IDEARemoteTestNG.run(IDEARemoteTestNG.java:66)\r\n\tat com.intellij.rt.testng.RemoteTestNGStarter.main(RemoteTestNGStarter.java:109)\r\n"},"stage":"finished","steps":[{"name":"add user","status":"failed","statusDetails":{"known":false,"muted":false,"flaky":false,"message":"expected [200] but found [412]","trace":"java.lang.AssertionError: expected [200] but found [412]\r\n\tat org.testng.Assert.fail(Assert.java:97)\r\n\tat org.testng.Assert.assertEqualsImpl(Assert.java:136)\r\n\tat org.testng.Assert.assertEquals(Assert.java:118)\r\n\tat org.testng.Assert.assertEquals(Assert.java:839)\r\n\tat org.testng.Assert.assertEquals(Assert.java:849)\r\n\tat workFlows.ApiFlows.postUser(ApiFlows.java:21)\r\n\tat grafanaTests.GrafanaApiTest.test01_addUser(GrafanaApiTest.java:12)\r\n\tat java.base/jdk.internal.reflect.NativeMethodAccessorImpl.invoke0(Native Method)\r\n\tat java.base/jdk.internal.reflect.NativeMethodAccessorImpl.invoke(NativeMethodAccessorImpl.java:62)\r\n\tat java.base/jdk.internal.reflect.DelegatingMethodAccessorImpl.invoke(DelegatingMethodAccessorImpl.java:43)\r\n\tat java.base/java.lang.reflect.Method.invoke(Method.java:567)\r\n\tat org.testng.internal.MethodInvocationHelper.invokeMethod(MethodInvocationHelper.java:133)\r\n\tat org.testng.internal.TestInvoker.invokeMethod(TestInvoker.java:584)\r\n\tat org.testng.internal.TestInvoker.invokeTestMethod(TestInvoker.java:172)\r\n\tat org.testng.internal.MethodRunner.runInSequence(MethodRunner.java:46)\r\n\tat org.testng.internal.TestInvoker$MethodInvocationAgent.invoke(TestInvoker.java:804)\r\n\tat org.testng.internal.TestInvoker.invokeTestMethods(TestInvoker.java:145)\r\n\tat org.testng.internal.TestMethodWorker.invokeTestMethods(TestMethodWorker.java:146)\r\n\tat org.testng.internal.TestMethodWorker.run(TestMethodWorker.java:128)\r\n\tat java.base/java.util.ArrayList.forEach(ArrayList.java:1508)\r\n\tat org.testng.TestRunner.privateRun(TestRunner.java:770)\r\n\tat org.testng.TestRunner.run(TestRunner.java:591)\r\n\tat org.testng.SuiteRunner.runTest(SuiteRunner.java:402)\r\n\tat org.testng.SuiteRunner.runSequentially(SuiteRunner.java:396)\r\n\tat org.testng.SuiteRunner.privateRun(SuiteRunner.java:355)\r\n\tat org.testng.SuiteRunner.run(SuiteRunner.java:304)\r\n\tat org.testng.SuiteRunnerWorker.runSuite(SuiteRunnerWorker.java:53)\r\n\tat org.testng.SuiteRunnerWorker.run(SuiteRunnerWorker.java:96)\r\n\tat org.testng.TestNG.runSuitesSequentially(TestNG.java:1180)\r\n\tat org.testng.TestNG.runSuitesLocally(TestNG.java:1102)\r\n\tat org.testng.TestNG.runSuites(TestNG.java:1032)\r\n\tat org.testng.TestNG.run(TestNG.java:1000)\r\n\tat com.intellij.rt.testng.IDEARemoteTestNG.run(IDEARemoteTestNG.java:66)\r\n\tat com.intellij.rt.testng.RemoteTestNGStarter.main(RemoteTestNGStarter.java:109)\r\n"},"stage":"finished","steps":[{"name":"add folder To Body Of Request","status":"passed","stage":"finished","steps":[],"attachments":[],"parameters":[{"name":"parameters","value":"[[Ljava.lang.Object;@48d31d25, [Ljava.lang.Object;@46188a89, [Ljava.lang.Object;@6f65a203, [Ljava.lang.Object;@1d0b447b]"}],"start":1638442373448,"stop":1638442373448},{"name":"make a post Request","status":"passed","stage":"finished","steps":[],"attachments":[],"parameters":[{"name":"path","value":"/api/admin/users"}],"start":1638442373448,"stop":1638442373532}],"attachments":[],"parameters":[{"name":"name","value":" tehila"},{"name":"email","value":"tYt@graf.com"},{"name":"login","value":"tehila"},{"name":"password","value":"tehila123!"}],"start":1638442373447,"stop":1638442373534}],"attachments":[],"parameters":[{"name":"PlatformName","value":"API"},{"name":"arg3","value":"tehila123!"},{"name":"Driver","value":""},{"name":"arg2","value":"tehila"},{"name":"arg1","value":"tYt@graf.com"},{"name":"arg0","value":" tehila"}],"start":1638442373446,"stop":1638442373535}