{"uuid":"13f58edf-6be5-4c28-80f6-c8d33eab7812","historyId":"9b6d9f0a9c4437ec7f11fd34fb679917","fullName":"unitConvertorTest.unitConvertorTest.livingTempSection","labels":[{"name":"package","value":"unitConvertorTest.unitConvertorTest"},{"name":"testClass","value":"unitConvertorTest.unitConvertorTest"},{"name":"testMethod","value":"livingTempSection"},{"name":"parentSuite","value":"Default Suite"},{"name":"suite","value":"hackathon"},{"name":"subSuite","value":"unitConvertorTest.unitConvertorTest"},{"name":"host","value":"LAPTOP-UMBIRLVL"},{"name":"thread","value":"7636@LAPTOP-UMBIRLVL.main(1)"},{"name":"framework","value":"testng"},{"name":"language","value":"java"}],"links":[],"name":"livingTempSection","status":"failed","statusDetails":{"known":false,"muted":false,"flaky":false,"message":"expected [4] but found [[[[io.appium.java_client.android.AndroidDriver, Capabilities: {appBuildVersion=, appReleaseVersion=, appiumVersion=1.8.0, applicationClearData=false, autoAcceptAlerts=false, autoDismissAlerts=false, autoGrantPermissions=false, autoWebview=false, commandTimeouts=120000, desired={reportDirectory=reports, reportFormat=xml, platformName=Android, udid=d030a260, testName=Untitled}, device.category=PHONE, device.majorVersion=11, device.manufacture=Xiaomi, device.model=Mi 9T, device.name=Mi 9T, device.os=Android, device.screenSize=1080x2340, device.serialNumber=d030a260, device.version=11, deviceUDID=d030a260, dontGoHomeOnQuit=false, dontStopAppOnReset=false, fullReset=false, install.only.for.update=false, installOnlyForUpdate=false, instrumentApp=false, javascriptEnabled=true, keystorePath=~/.android/debug.keystore, locationServicesAuthorized=false, newSessionWaitTimeout=600, noReset=false, platform=ANDROID, platformName=Android, projectName=, reportDirectory=reports, reportFormat=xml, reportUrl=C:\\Users\\ebrah\\appiumstudio-reports\\reports\\test101, reservationDuration=240, takeScreenshots=true, test.type=Mobile, testName=Untitled, udid=d030a260, useKeystore=false, waitForDeviceTimeout=120000}] -> xpath: //*[@id='tab1_list']]]]","trace":"java.lang.AssertionError: expected [4] but found [[[[io.appium.java_client.android.AndroidDriver, Capabilities: {appBuildVersion=, appReleaseVersion=, appiumVersion=1.8.0, applicationClearData=false, autoAcceptAlerts=false, autoDismissAlerts=false, autoGrantPermissions=false, autoWebview=false, commandTimeouts=120000, desired={reportDirectory=reports, reportFormat=xml, platformName=Android, udid=d030a260, testName=Untitled}, device.category=PHONE, device.majorVersion=11, device.manufacture=Xiaomi, device.model=Mi 9T, device.name=Mi 9T, device.os=Android, device.screenSize=1080x2340, device.serialNumber=d030a260, device.version=11, deviceUDID=d030a260, dontGoHomeOnQuit=false, dontStopAppOnReset=false, fullReset=false, install.only.for.update=false, installOnlyForUpdate=false, instrumentApp=false, javascriptEnabled=true, keystorePath=~/.android/debug.keystore, locationServicesAuthorized=false, newSessionWaitTimeout=600, noReset=false, platform=ANDROID, platformName=Android, projectName=, reportDirectory=reports, reportFormat=xml, reportUrl=C:\\Users\\ebrah\\appiumstudio-reports\\reports\\test101, reservationDuration=240, takeScreenshots=true, test.type=Mobile, testName=Untitled, udid=d030a260, useKeystore=false, waitForDeviceTimeout=120000}] -> xpath: //*[@id='tab1_list']]]]\r\n\tat org.testng.Assert.fail(Assert.java:97)\r\n\tat org.testng.Assert.assertEqualsImpl(Assert.java:136)\r\n\tat org.testng.Assert.assertEquals(Assert.java:118)\r\n\tat org.testng.Assert.assertEquals(Assert.java:563)\r\n\tat workFlows.MobileFlows.livingTempSection(MobileFlows.java:25)\r\n\tat unitConvertorTest.unitConvertorTest.livingTempSection(unitConvertorTest.java:15)\r\n\tat java.base/jdk.internal.reflect.NativeMethodAccessorImpl.invoke0(Native Method)\r\n\tat java.base/jdk.internal.reflect.NativeMethodAccessorImpl.invoke(NativeMethodAccessorImpl.java:62)\r\n\tat java.base/jdk.internal.reflect.DelegatingMethodAccessorImpl.invoke(DelegatingMethodAccessorImpl.java:43)\r\n\tat java.base/java.lang.reflect.Method.invoke(Method.java:567)\r\n\tat org.testng.internal.MethodInvocationHelper.invokeMethod(MethodInvocationHelper.java:133)\r\n\tat org.testng.internal.TestInvoker.invokeMethod(TestInvoker.java:584)\r\n\tat org.testng.internal.TestInvoker.invokeTestMethod(TestInvoker.java:172)\r\n\tat org.testng.internal.MethodRunner.runInSequence(MethodRunner.java:46)\r\n\tat org.testng.internal.TestInvoker$MethodInvocationAgent.invoke(TestInvoker.java:804)\r\n\tat org.testng.internal.TestInvoker.invokeTestMethods(TestInvoker.java:145)\r\n\tat org.testng.internal.TestMethodWorker.invokeTestMethods(TestMethodWorker.java:146)\r\n\tat org.testng.internal.TestMethodWorker.run(TestMethodWorker.java:128)\r\n\tat java.base/java.util.ArrayList.forEach(ArrayList.java:1508)\r\n\tat org.testng.TestRunner.privateRun(TestRunner.java:770)\r\n\tat org.testng.TestRunner.run(TestRunner.java:591)\r\n\tat org.testng.SuiteRunner.runTest(SuiteRunner.java:402)\r\n\tat org.testng.SuiteRunner.runSequentially(SuiteRunner.java:396)\r\n\tat org.testng.SuiteRunner.privateRun(SuiteRunner.java:355)\r\n\tat org.testng.SuiteRunner.run(SuiteRunner.java:304)\r\n\tat org.testng.SuiteRunnerWorker.runSuite(SuiteRunnerWorker.java:53)\r\n\tat org.testng.SuiteRunnerWorker.run(SuiteRunnerWorker.java:96)\r\n\tat org.testng.TestNG.runSuitesSequentially(TestNG.java:1180)\r\n\tat org.testng.TestNG.runSuitesLocally(TestNG.java:1102)\r\n\tat org.testng.TestNG.runSuites(TestNG.java:1032)\r\n\tat org.testng.TestNG.run(TestNG.java:1000)\r\n\tat com.intellij.rt.testng.IDEARemoteTestNG.run(IDEARemoteTestNG.java:66)\r\n\tat com.intellij.rt.testng.RemoteTestNGStarter.main(RemoteTestNGStarter.java:109)\r\n"},"stage":"finished","steps":[{"name":"livingTempSection","status":"failed","statusDetails":{"known":false,"muted":false,"flaky":false,"message":"expected [4] but found [[[[io.appium.java_client.android.AndroidDriver, Capabilities: {appBuildVersion=, appReleaseVersion=, appiumVersion=1.8.0, applicationClearData=false, autoAcceptAlerts=false, autoDismissAlerts=false, autoGrantPermissions=false, autoWebview=false, commandTimeouts=120000, desired={reportDirectory=reports, reportFormat=xml, platformName=Android, udid=d030a260, testName=Untitled}, device.category=PHONE, device.majorVersion=11, device.manufacture=Xiaomi, device.model=Mi 9T, device.name=Mi 9T, device.os=Android, device.screenSize=1080x2340, device.serialNumber=d030a260, device.version=11, deviceUDID=d030a260, dontGoHomeOnQuit=false, dontStopAppOnReset=false, fullReset=false, install.only.for.update=false, installOnlyForUpdate=false, instrumentApp=false, javascriptEnabled=true, keystorePath=~/.android/debug.keystore, locationServicesAuthorized=false, newSessionWaitTimeout=600, noReset=false, platform=ANDROID, platformName=Android, projectName=, reportDirectory=reports, reportFormat=xml, reportUrl=C:\\Users\\ebrah\\appiumstudio-reports\\reports\\test101, reservationDuration=240, takeScreenshots=true, test.type=Mobile, testName=Untitled, udid=d030a260, useKeystore=false, waitForDeviceTimeout=120000}] -> xpath: //*[@id='tab1_list']]]]","trace":"java.lang.AssertionError: expected [4] but found [[[[io.appium.java_client.android.AndroidDriver, Capabilities: {appBuildVersion=, appReleaseVersion=, appiumVersion=1.8.0, applicationClearData=false, autoAcceptAlerts=false, autoDismissAlerts=false, autoGrantPermissions=false, autoWebview=false, commandTimeouts=120000, desired={reportDirectory=reports, reportFormat=xml, platformName=Android, udid=d030a260, testName=Untitled}, device.category=PHONE, device.majorVersion=11, device.manufacture=Xiaomi, device.model=Mi 9T, device.name=Mi 9T, device.os=Android, device.screenSize=1080x2340, device.serialNumber=d030a260, device.version=11, deviceUDID=d030a260, dontGoHomeOnQuit=false, dontStopAppOnReset=false, fullReset=false, install.only.for.update=false, installOnlyForUpdate=false, instrumentApp=false, javascriptEnabled=true, keystorePath=~/.android/debug.keystore, locationServicesAuthorized=false, newSessionWaitTimeout=600, noReset=false, platform=ANDROID, platformName=Android, projectName=, reportDirectory=reports, reportFormat=xml, reportUrl=C:\\Users\\ebrah\\appiumstudio-reports\\reports\\test101, reservationDuration=240, takeScreenshots=true, test.type=Mobile, testName=Untitled, udid=d030a260, useKeystore=false, waitForDeviceTimeout=120000}] -> xpath: //*[@id='tab1_list']]]]\r\n\tat org.testng.Assert.fail(Assert.java:97)\r\n\tat org.testng.Assert.assertEqualsImpl(Assert.java:136)\r\n\tat org.testng.Assert.assertEquals(Assert.java:118)\r\n\tat org.testng.Assert.assertEquals(Assert.java:563)\r\n\tat workFlows.MobileFlows.livingTempSection(MobileFlows.java:25)\r\n\tat unitConvertorTest.unitConvertorTest.livingTempSection(unitConvertorTest.java:15)\r\n\tat java.base/jdk.internal.reflect.NativeMethodAccessorImpl.invoke0(Native Method)\r\n\tat java.base/jdk.internal.reflect.NativeMethodAccessorImpl.invoke(NativeMethodAccessorImpl.java:62)\r\n\tat java.base/jdk.internal.reflect.DelegatingMethodAccessorImpl.invoke(DelegatingMethodAccessorImpl.java:43)\r\n\tat java.base/java.lang.reflect.Method.invoke(Method.java:567)\r\n\tat org.testng.internal.MethodInvocationHelper.invokeMethod(MethodInvocationHelper.java:133)\r\n\tat org.testng.internal.TestInvoker.invokeMethod(TestInvoker.java:584)\r\n\tat org.testng.internal.TestInvoker.invokeTestMethod(TestInvoker.java:172)\r\n\tat org.testng.internal.MethodRunner.runInSequence(MethodRunner.java:46)\r\n\tat org.testng.internal.TestInvoker$MethodInvocationAgent.invoke(TestInvoker.java:804)\r\n\tat org.testng.internal.TestInvoker.invokeTestMethods(TestInvoker.java:145)\r\n\tat org.testng.internal.TestMethodWorker.invokeTestMethods(TestMethodWorker.java:146)\r\n\tat org.testng.internal.TestMethodWorker.run(TestMethodWorker.java:128)\r\n\tat java.base/java.util.ArrayList.forEach(ArrayList.java:1508)\r\n\tat org.testng.TestRunner.privateRun(TestRunner.java:770)\r\n\tat org.testng.TestRunner.run(TestRunner.java:591)\r\n\tat org.testng.SuiteRunner.runTest(SuiteRunner.java:402)\r\n\tat org.testng.SuiteRunner.runSequentially(SuiteRunner.java:396)\r\n\tat org.testng.SuiteRunner.privateRun(SuiteRunner.java:355)\r\n\tat org.testng.SuiteRunner.run(SuiteRunner.java:304)\r\n\tat org.testng.SuiteRunnerWorker.runSuite(SuiteRunnerWorker.java:53)\r\n\tat org.testng.SuiteRunnerWorker.run(SuiteRunnerWorker.java:96)\r\n\tat org.testng.TestNG.runSuitesSequentially(TestNG.java:1180)\r\n\tat org.testng.TestNG.runSuitesLocally(TestNG.java:1102)\r\n\tat org.testng.TestNG.runSuites(TestNG.java:1032)\r\n\tat org.testng.TestNG.run(TestNG.java:1000)\r\n\tat com.intellij.rt.testng.IDEARemoteTestNG.run(IDEARemoteTestNG.java:66)\r\n\tat com.intellij.rt.testng.RemoteTestNGStarter.main(RemoteTestNGStarter.java:109)\r\n"},"stage":"finished","steps":[{"name":"click","status":"passed","stage":"finished","steps":[],"attachments":[],"parameters":[{"name":"ele","value":"Located by By.xpath: //*[@text='LIVING']"}],"start":1638221162639,"stop":1638221163026},{"name":"click","status":"passed","stage":"finished","steps":[],"attachments":[],"parameters":[{"name":"ele","value":"Located by By.id: image_living1"}],"start":1638221163026,"stop":1638221164050}],"attachments":[],"parameters":[],"start":1638221162632,"stop":1638221164630}],"attachments":[],"parameters":[],"start":1638221162626,"stop":1638221164635}