{"uuid":"b8998178-f8b0-4eb9-a241-6a8117675275","historyId":"8547f8608cde86d30ee178e48cce17d1","fullName":"unitConvertorTest.unitConvertorTest.basicSection","labels":[{"name":"package","value":"unitConvertorTest.unitConvertorTest"},{"name":"testClass","value":"unitConvertorTest.unitConvertorTest"},{"name":"testMethod","value":"basicSection"},{"name":"parentSuite","value":"Default Suite"},{"name":"suite","value":"hackathon"},{"name":"subSuite","value":"unitConvertorTest.unitConvertorTest"},{"name":"host","value":"LAPTOP-UMBIRLVL"},{"name":"thread","value":"11008@LAPTOP-UMBIRLVL.main(1)"},{"name":"framework","value":"testng"},{"name":"language","value":"java"}],"links":[],"name":"basicSection","status":"failed","statusDetails":{"known":false,"muted":false,"flaky":false,"message":"expected [192] but found [192]","trace":"java.lang.AssertionError: expected [192] but found [192]\r\n\tat org.testng.Assert.fail(Assert.java:97)\r\n\tat org.testng.Assert.assertEqualsImpl(Assert.java:136)\r\n\tat org.testng.Assert.assertEquals(Assert.java:118)\r\n\tat org.testng.Assert.assertEquals(Assert.java:563)\r\n\tat workFlows.MobileFlows.weightSection(MobileFlows.java:18)\r\n\tat unitConvertorTest.unitConvertorTest.basicSection(unitConvertorTest.java:10)\r\n\tat java.base/jdk.internal.reflect.NativeMethodAccessorImpl.invoke0(Native Method)\r\n\tat java.base/jdk.internal.reflect.NativeMethodAccessorImpl.invoke(NativeMethodAccessorImpl.java:62)\r\n\tat java.base/jdk.internal.reflect.DelegatingMethodAccessorImpl.invoke(DelegatingMethodAccessorImpl.java:43)\r\n\tat java.base/java.lang.reflect.Method.invoke(Method.java:567)\r\n\tat org.testng.internal.MethodInvocationHelper.invokeMethod(MethodInvocationHelper.java:133)\r\n\tat org.testng.internal.TestInvoker.invokeMethod(TestInvoker.java:584)\r\n\tat org.testng.internal.TestInvoker.invokeTestMethod(TestInvoker.java:172)\r\n\tat org.testng.internal.MethodRunner.runInSequence(MethodRunner.java:46)\r\n\tat org.testng.internal.TestInvoker$MethodInvocationAgent.invoke(TestInvoker.java:804)\r\n\tat org.testng.internal.TestInvoker.invokeTestMethods(TestInvoker.java:145)\r\n\tat org.testng.internal.TestMethodWorker.invokeTestMethods(TestMethodWorker.java:146)\r\n\tat org.testng.internal.TestMethodWorker.run(TestMethodWorker.java:128)\r\n\tat java.base/java.util.ArrayList.forEach(ArrayList.java:1508)\r\n\tat org.testng.TestRunner.privateRun(TestRunner.java:770)\r\n\tat org.testng.TestRunner.run(TestRunner.java:591)\r\n\tat org.testng.SuiteRunner.runTest(SuiteRunner.java:402)\r\n\tat org.testng.SuiteRunner.runSequentially(SuiteRunner.java:396)\r\n\tat org.testng.SuiteRunner.privateRun(SuiteRunner.java:355)\r\n\tat org.testng.SuiteRunner.run(SuiteRunner.java:304)\r\n\tat org.testng.SuiteRunnerWorker.runSuite(SuiteRunnerWorker.java:53)\r\n\tat org.testng.SuiteRunnerWorker.run(SuiteRunnerWorker.java:96)\r\n\tat org.testng.TestNG.runSuitesSequentially(TestNG.java:1180)\r\n\tat org.testng.TestNG.runSuitesLocally(TestNG.java:1102)\r\n\tat org.testng.TestNG.runSuites(TestNG.java:1032)\r\n\tat org.testng.TestNG.run(TestNG.java:1000)\r\n\tat com.intellij.rt.testng.IDEARemoteTestNG.run(IDEARemoteTestNG.java:66)\r\n\tat com.intellij.rt.testng.RemoteTestNGStarter.main(RemoteTestNGStarter.java:109)\r\n"},"stage":"finished","steps":[{"name":"weightSection","status":"failed","statusDetails":{"known":false,"muted":false,"flaky":false,"message":"expected [192] but found [192]","trace":"java.lang.AssertionError: expected [192] but found [192]\r\n\tat org.testng.Assert.fail(Assert.java:97)\r\n\tat org.testng.Assert.assertEqualsImpl(Assert.java:136)\r\n\tat org.testng.Assert.assertEquals(Assert.java:118)\r\n\tat org.testng.Assert.assertEquals(Assert.java:563)\r\n\tat workFlows.MobileFlows.weightSection(MobileFlows.java:18)\r\n\tat unitConvertorTest.unitConvertorTest.basicSection(unitConvertorTest.java:10)\r\n\tat java.base/jdk.internal.reflect.NativeMethodAccessorImpl.invoke0(Native Method)\r\n\tat java.base/jdk.internal.reflect.NativeMethodAccessorImpl.invoke(NativeMethodAccessorImpl.java:62)\r\n\tat java.base/jdk.internal.reflect.DelegatingMethodAccessorImpl.invoke(DelegatingMethodAccessorImpl.java:43)\r\n\tat java.base/java.lang.reflect.Method.invoke(Method.java:567)\r\n\tat org.testng.internal.MethodInvocationHelper.invokeMethod(MethodInvocationHelper.java:133)\r\n\tat org.testng.internal.TestInvoker.invokeMethod(TestInvoker.java:584)\r\n\tat org.testng.internal.TestInvoker.invokeTestMethod(TestInvoker.java:172)\r\n\tat org.testng.internal.MethodRunner.runInSequence(MethodRunner.java:46)\r\n\tat org.testng.internal.TestInvoker$MethodInvocationAgent.invoke(TestInvoker.java:804)\r\n\tat org.testng.internal.TestInvoker.invokeTestMethods(TestInvoker.java:145)\r\n\tat org.testng.internal.TestMethodWorker.invokeTestMethods(TestMethodWorker.java:146)\r\n\tat org.testng.internal.TestMethodWorker.run(TestMethodWorker.java:128)\r\n\tat java.base/java.util.ArrayList.forEach(ArrayList.java:1508)\r\n\tat org.testng.TestRunner.privateRun(TestRunner.java:770)\r\n\tat org.testng.TestRunner.run(TestRunner.java:591)\r\n\tat org.testng.SuiteRunner.runTest(SuiteRunner.java:402)\r\n\tat org.testng.SuiteRunner.runSequentially(SuiteRunner.java:396)\r\n\tat org.testng.SuiteRunner.privateRun(SuiteRunner.java:355)\r\n\tat org.testng.SuiteRunner.run(SuiteRunner.java:304)\r\n\tat org.testng.SuiteRunnerWorker.runSuite(SuiteRunnerWorker.java:53)\r\n\tat org.testng.SuiteRunnerWorker.run(SuiteRunnerWorker.java:96)\r\n\tat org.testng.TestNG.runSuitesSequentially(TestNG.java:1180)\r\n\tat org.testng.TestNG.runSuitesLocally(TestNG.java:1102)\r\n\tat org.testng.TestNG.runSuites(TestNG.java:1032)\r\n\tat org.testng.TestNG.run(TestNG.java:1000)\r\n\tat com.intellij.rt.testng.IDEARemoteTestNG.run(IDEARemoteTestNG.java:66)\r\n\tat com.intellij.rt.testng.RemoteTestNGStarter.main(RemoteTestNGStarter.java:109)\r\n"},"stage":"finished","steps":[{"name":"click","status":"passed","stage":"finished","steps":[],"attachments":[],"parameters":[{"name":"ele","value":"Located by By.id: text_weight"}],"start":1638219423479,"stop":1638219423918},{"name":"click","status":"passed","stage":"finished","steps":[],"attachments":[],"parameters":[{"name":"ele","value":"Located by By.xpath: //*[@id='tab0_input']"}],"start":1638219423919,"stop":1638219424775},{"name":"click","status":"passed","stage":"finished","steps":[],"attachments":[],"parameters":[{"name":"ele","value":"Located by By.xpath: //*[@id='tab0_num1']"}],"start":1638219424775,"stop":1638219425708},{"name":"click","status":"passed","stage":"finished","steps":[],"attachments":[],"parameters":[{"name":"ele","value":"Located by By.xpath: //*[@id='tab0_num2']"}],"start":1638219425708,"stop":1638219426558},{"name":"click","status":"passed","stage":"finished","steps":[],"attachments":[],"parameters":[{"name":"ele","value":"Located by By.xpath: //*[@id='tab0_selector']"}],"start":1638219426558,"stop":1638219427401},{"name":"click","status":"passed","stage":"finished","steps":[],"attachments":[],"parameters":[{"name":"ele","value":"Located by By.xpath: //*[@text='lb (pound)']"}],"start":1638219427401,"stop":1638219428171}],"attachments":[],"parameters":[],"start":1638219423473,"stop":1638219428936}],"attachments":[],"parameters":[],"start":1638219423467,"stop":1638219428939}